ERROR - 2022-06-14 02:54:06 --> Table 'frameworkdb.orang' doesn't exist in engine
CRITICAL - 2022-06-14 02:54:06 --> Table 'frameworkdb.orang' doesn't exist in engine
#0 C:\xampp\htdocs\simpleCrud_improvise\system\Database\MySQLi\Connection.php(292): mysqli->query('SELECT *\nFROM `...', 0)
#1 C:\xampp\htdocs\simpleCrud_improvise\system\Database\BaseConnection.php(670): CodeIgniter\Database\MySQLi\Connection->execute('SELECT *\nFROM `...')
#2 C:\xampp\htdocs\simpleCrud_improvise\system\Database\BaseConnection.php(598): CodeIgniter\Database\BaseConnection->simpleQuery('SELECT *\nFROM `...')
#3 C:\xampp\htdocs\simpleCrud_improvise\system\Database\BaseBuilder.php(1455): CodeIgniter\Database\BaseConnection->query('SELECT *\nFROM `...', Array, false)
#4 C:\xampp\htdocs\simpleCrud_improvise\system\Model.php(183): CodeIgniter\Database\BaseBuilder->get()
#5 C:\xampp\htdocs\simpleCrud_improvise\system\BaseModel.php(584): CodeIgniter\Model->doFindAll(0, 0)
#6 C:\xampp\htdocs\simpleCrud_improvise\app\Models\crudModel.php(20): CodeIgniter\BaseModel->findAll()
#7 C:\xampp\htdocs\simpleCrud_improvise\app\Controllers\Pages.php(27): App\Models\crudModel->getDetail()
#8 C:\xampp\htdocs\simpleCrud_improvise\system\CodeIgniter.php(825): App\Controllers\Pages->crud()
#9 C:\xampp\htdocs\simpleCrud_improvise\system\CodeIgniter.php(412): CodeIgniter\CodeIgniter->runController(Object(App\Controllers\Pages))
#10 C:\xampp\htdocs\simpleCrud_improvise\system\CodeIgniter.php(320): CodeIgniter\CodeIgniter->handleRequest(NULL, Object(Config\Cache), false)
#11 C:\xampp\htdocs\simpleCrud_improvise\public\index.php(37): CodeIgniter\CodeIgniter->run()
#12 C:\xampp\htdocs\simpleCrud_improvise\system\Commands\Server\rewrite.php(43): require_once('C:\\xampp\\htdocs...')
#13 {main}
ERROR - 2022-06-14 02:55:29 --> Table 'frameworkdb.orang' doesn't exist in engine
CRITICAL - 2022-06-14 02:55:29 --> Table 'frameworkdb.orang' doesn't exist in engine
#0 C:\xampp\htdocs\simpleCrud_improvise\system\Database\MySQLi\Connection.php(292): mysqli->query('SELECT *\nFROM `...', 0)
#1 C:\xampp\htdocs\simpleCrud_improvise\system\Database\BaseConnection.php(670): CodeIgniter\Database\MySQLi\Connection->execute('SELECT *\nFROM `...')
#2 C:\xampp\htdocs\simpleCrud_improvise\system\Database\BaseConnection.php(598): CodeIgniter\Database\BaseConnection->simpleQuery('SELECT *\nFROM `...')
#3 C:\xampp\htdocs\simpleCrud_improvise\system\Database\BaseBuilder.php(1455): CodeIgniter\Database\BaseConnection->query('SELECT *\nFROM `...', Array, false)
#4 C:\xampp\htdocs\simpleCrud_improvise\system\Model.php(183): CodeIgniter\Database\BaseBuilder->get()
#5 C:\xampp\htdocs\simpleCrud_improvise\system\BaseModel.php(584): CodeIgniter\Model->doFindAll(0, 0)
#6 C:\xampp\htdocs\simpleCrud_improvise\app\Models\crudModel.php(20): CodeIgniter\BaseModel->findAll()
#7 C:\xampp\htdocs\simpleCrud_improvise\app\Controllers\Pages.php(27): App\Models\crudModel->getDetail()
#8 C:\xampp\htdocs\simpleCrud_improvise\system\CodeIgniter.php(825): App\Controllers\Pages->crud()
#9 C:\xampp\htdocs\simpleCrud_improvise\system\CodeIgniter.php(412): CodeIgniter\CodeIgniter->runController(Object(App\Controllers\Pages))
#10 C:\xampp\htdocs\simpleCrud_improvise\system\CodeIgniter.php(320): CodeIgniter\CodeIgniter->handleRequest(NULL, Object(Config\Cache), false)
#11 C:\xampp\htdocs\simpleCrud_improvise\public\index.php(37): CodeIgniter\CodeIgniter->run()
#12 C:\xampp\htdocs\simpleCrud_improvise\system\Commands\Server\rewrite.php(43): require_once('C:\\xampp\\htdocs...')
#13 {main}
ERROR - 2022-06-14 02:59:03 --> Table 'ci4.postibf' doesn't exist
CRITICAL - 2022-06-14 02:59:03 --> Table 'ci4.postibf' doesn't exist
#0 C:\xampp\htdocs\simpleCrud_improvise\system\Database\MySQLi\Connection.php(292): mysqli->query('SELECT *\nFROM `...', 0)
#1 C:\xampp\htdocs\simpleCrud_improvise\system\Database\BaseConnection.php(670): CodeIgniter\Database\MySQLi\Connection->execute('SELECT *\nFROM `...')
#2 C:\xampp\htdocs\simpleCrud_improvise\system\Database\BaseConnection.php(598): CodeIgniter\Database\BaseConnection->simpleQuery('SELECT *\nFROM `...')
#3 C:\xampp\htdocs\simpleCrud_improvise\system\Database\BaseBuilder.php(1455): CodeIgniter\Database\BaseConnection->query('SELECT *\nFROM `...', Array, false)
#4 C:\xampp\htdocs\simpleCrud_improvise\system\Model.php(183): CodeIgniter\Database\BaseBuilder->get()
#5 C:\xampp\htdocs\simpleCrud_improvise\system\BaseModel.php(584): CodeIgniter\Model->doFindAll(0, 0)
#6 C:\xampp\htdocs\simpleCrud_improvise\app\Models\crudModel.php(20): CodeIgniter\BaseModel->findAll()
#7 C:\xampp\htdocs\simpleCrud_improvise\app\Controllers\Pages.php(27): App\Models\crudModel->getDetail()
#8 C:\xampp\htdocs\simpleCrud_improvise\system\CodeIgniter.php(825): App\Controllers\Pages->crud()
#9 C:\xampp\htdocs\simpleCrud_improvise\system\CodeIgniter.php(412): CodeIgniter\CodeIgniter->runController(Object(App\Controllers\Pages))
#10 C:\xampp\htdocs\simpleCrud_improvise\system\CodeIgniter.php(320): CodeIgniter\CodeIgniter->handleRequest(NULL, Object(Config\Cache), false)
#11 C:\xampp\htdocs\simpleCrud_improvise\public\index.php(37): CodeIgniter\CodeIgniter->run()
#12 C:\xampp\htdocs\simpleCrud_improvise\system\Commands\Server\rewrite.php(43): require_once('C:\\xampp\\htdocs...')
#13 {main}
CRITICAL - 2022-06-14 02:59:22 --> Undefined array key "nama"
#0 C:\xampp\htdocs\simpleCrud_improvise\app\Views\pages\crud.php(47): CodeIgniter\Debug\Exceptions->errorHandler(2, 'Undefined array...', 'C:\\xampp\\htdocs...', 47)
#1 C:\xampp\htdocs\simpleCrud_improvise\system\View\View.php(210): include('C:\\xampp\\htdocs...')
#2 C:\xampp\htdocs\simpleCrud_improvise\system\View\View.php(213): CodeIgniter\View\View->CodeIgniter\View\{closure}()
#3 C:\xampp\htdocs\simpleCrud_improvise\system\Common.php(1089): CodeIgniter\View\View->render('pages/crud', Array, true)
#4 C:\xampp\htdocs\simpleCrud_improvise\app\Controllers\Pages.php(31): view('pages/crud', Array)
#5 C:\xampp\htdocs\simpleCrud_improvise\system\CodeIgniter.php(825): App\Controllers\Pages->crud()
#6 C:\xampp\htdocs\simpleCrud_improvise\system\CodeIgniter.php(412): CodeIgniter\CodeIgniter->runController(Object(App\Controllers\Pages))
#7 C:\xampp\htdocs\simpleCrud_improvise\system\CodeIgniter.php(320): CodeIgniter\CodeIgniter->handleRequest(NULL, Object(Config\Cache), false)
#8 C:\xampp\htdocs\simpleCrud_improvise\public\index.php(37): CodeIgniter\CodeIgniter->run()
#9 C:\xampp\htdocs\simpleCrud_improvise\system\Commands\Server\rewrite.php(43): require_once('C:\\xampp\\htdocs...')
#10 {main}
CRITICAL - 2022-06-14 03:06:15 --> Undefined variable $post
#0 C:\xampp\htdocs\simpleCrud_improvise\app\Views\pages\crud.php(32): CodeIgniter\Debug\Exceptions->errorHandler(2, 'Undefined varia...', 'C:\\xampp\\htdocs...', 32)
#1 C:\xampp\htdocs\simpleCrud_improvise\system\View\View.php(210): include('C:\\xampp\\htdocs...')
#2 C:\xampp\htdocs\simpleCrud_improvise\system\View\View.php(213): CodeIgniter\View\View->CodeIgniter\View\{closure}()
#3 C:\xampp\htdocs\simpleCrud_improvise\system\Common.php(1089): CodeIgniter\View\View->render('pages/crud', Array, true)
#4 C:\xampp\htdocs\simpleCrud_improvise\app\Controllers\Pages.php(31): view('pages/crud', Array)
#5 C:\xampp\htdocs\simpleCrud_improvise\system\CodeIgniter.php(825): App\Controllers\Pages->crud()
#6 C:\xampp\htdocs\simpleCrud_improvise\system\CodeIgniter.php(412): CodeIgniter\CodeIgniter->runController(Object(App\Controllers\Pages))
#7 C:\xampp\htdocs\simpleCrud_improvise\system\CodeIgniter.php(320): CodeIgniter\CodeIgniter->handleRequest(NULL, Object(Config\Cache), false)
#8 C:\xampp\htdocs\simpleCrud_improvise\public\index.php(37): CodeIgniter\CodeIgniter->run()
#9 C:\xampp\htdocs\simpleCrud_improvise\system\Commands\Server\rewrite.php(43): require_once('C:\\xampp\\htdocs...')
#10 {main}
CRITICAL - 2022-06-14 03:06:44 --> Undefined variable $detail
#0 C:\xampp\htdocs\simpleCrud_improvise\app\Views\pages\crud.php(32): CodeIgniter\Debug\Exceptions->errorHandler(2, 'Undefined varia...', 'C:\\xampp\\htdocs...', 32)
#1 C:\xampp\htdocs\simpleCrud_improvise\system\View\View.php(210): include('C:\\xampp\\htdocs...')
#2 C:\xampp\htdocs\simpleCrud_improvise\system\View\View.php(213): CodeIgniter\View\View->CodeIgniter\View\{closure}()
#3 C:\xampp\htdocs\simpleCrud_improvise\system\Common.php(1089): CodeIgniter\View\View->render('pages/crud', Array, true)
#4 C:\xampp\htdocs\simpleCrud_improvise\app\Controllers\Pages.php(31): view('pages/crud', Array)
#5 C:\xampp\htdocs\simpleCrud_improvise\system\CodeIgniter.php(825): App\Controllers\Pages->crud()
#6 C:\xampp\htdocs\simpleCrud_improvise\system\CodeIgniter.php(412): CodeIgniter\CodeIgniter->runController(Object(App\Controllers\Pages))
#7 C:\xampp\htdocs\simpleCrud_improvise\system\CodeIgniter.php(320): CodeIgniter\CodeIgniter->handleRequest(NULL, Object(Config\Cache), false)
#8 C:\xampp\htdocs\simpleCrud_improvise\public\index.php(37): CodeIgniter\CodeIgniter->run()
#9 C:\xampp\htdocs\simpleCrud_improvise\system\Commands\Server\rewrite.php(43): require_once('C:\\xampp\\htdocs...')
#10 {main}
CRITICAL - 2022-06-14 03:07:42 --> Undefined array key "post"
#0 C:\xampp\htdocs\simpleCrud_improvise\app\Views\pages\crud.php(32): CodeIgniter\Debug\Exceptions->errorHandler(2, 'Undefined array...', 'C:\\xampp\\htdocs...', 32)
#1 C:\xampp\htdocs\simpleCrud_improvise\system\View\View.php(210): include('C:\\xampp\\htdocs...')
#2 C:\xampp\htdocs\simpleCrud_improvise\system\View\View.php(213): CodeIgniter\View\View->CodeIgniter\View\{closure}()
#3 C:\xampp\htdocs\simpleCrud_improvise\system\Common.php(1089): CodeIgniter\View\View->render('pages/crud', Array, true)
#4 C:\xampp\htdocs\simpleCrud_improvise\app\Controllers\Pages.php(31): view('pages/crud', Array)
#5 C:\xampp\htdocs\simpleCrud_improvise\system\CodeIgniter.php(825): App\Controllers\Pages->crud()
#6 C:\xampp\htdocs\simpleCrud_improvise\system\CodeIgniter.php(412): CodeIgniter\CodeIgniter->runController(Object(App\Controllers\Pages))
#7 C:\xampp\htdocs\simpleCrud_improvise\system\CodeIgniter.php(320): CodeIgniter\CodeIgniter->handleRequest(NULL, Object(Config\Cache), false)
#8 C:\xampp\htdocs\simpleCrud_improvise\public\index.php(37): CodeIgniter\CodeIgniter->run()
#9 C:\xampp\htdocs\simpleCrud_improvise\system\Commands\Server\rewrite.php(43): require_once('C:\\xampp\\htdocs...')
#10 {main}
CRITICAL - 2022-06-14 03:18:11 --> syntax error, unexpected variable "$post", expecting "("
#0 C:\xampp\htdocs\simpleCrud_improvise\system\View\View.php(213): CodeIgniter\View\View->CodeIgniter\View\{closure}()
#1 C:\xampp\htdocs\simpleCrud_improvise\system\Common.php(1089): CodeIgniter\View\View->render('pages/crud', Array, true)
#2 C:\xampp\htdocs\simpleCrud_improvise\app\Controllers\Pages.php(31): view('pages/crud', Array)
#3 C:\xampp\htdocs\simpleCrud_improvise\system\CodeIgniter.php(825): App\Controllers\Pages->crud()
#4 C:\xampp\htdocs\simpleCrud_improvise\system\CodeIgniter.php(412): CodeIgniter\CodeIgniter->runController(Object(App\Controllers\Pages))
#5 C:\xampp\htdocs\simpleCrud_improvise\system\CodeIgniter.php(320): CodeIgniter\CodeIgniter->handleRequest(NULL, Object(Config\Cache), false)
#6 C:\xampp\htdocs\simpleCrud_improvise\public\index.php(37): CodeIgniter\CodeIgniter->run()
#7 C:\xampp\htdocs\simpleCrud_improvise\system\Commands\Server\rewrite.php(43): require_once('C:\\xampp\\htdocs...')
#8 {main}
CRITICAL - 2022-06-14 04:32:48 --> Undefined variable $detail
#0 C:\xampp\htdocs\simpleCrud_improvise\app\Views\pages\crud.php(47): CodeIgniter\Debug\Exceptions->errorHandler(2, 'Undefined varia...', 'C:\\xampp\\htdocs...', 47)
#1 C:\xampp\htdocs\simpleCrud_improvise\system\View\View.php(210): include('C:\\xampp\\htdocs...')
#2 C:\xampp\htdocs\simpleCrud_improvise\system\View\View.php(213): CodeIgniter\View\View->CodeIgniter\View\{closure}()
#3 C:\xampp\htdocs\simpleCrud_improvise\system\Common.php(1089): CodeIgniter\View\View->render('pages/crud', Array, true)
#4 C:\xampp\htdocs\simpleCrud_improvise\app\Controllers\Pages.php(31): view('pages/crud', Array)
#5 C:\xampp\htdocs\simpleCrud_improvise\system\CodeIgniter.php(825): App\Controllers\Pages->crud()
#6 C:\xampp\htdocs\simpleCrud_improvise\system\CodeIgniter.php(412): CodeIgniter\CodeIgniter->runController(Object(App\Controllers\Pages))
#7 C:\xampp\htdocs\simpleCrud_improvise\system\CodeIgniter.php(320): CodeIgniter\CodeIgniter->handleRequest(NULL, Object(Config\Cache), false)
#8 C:\xampp\htdocs\simpleCrud_improvise\public\index.php(37): CodeIgniter\CodeIgniter->run()
#9 C:\xampp\htdocs\simpleCrud_improvise\system\Commands\Server\rewrite.php(43): require_once('C:\\xampp\\htdocs...')
#10 {main}
CRITICAL - 2022-06-14 05:02:50 --> Undefined array key "post"
#0 C:\xampp\htdocs\simpleCrud_improvise\app\Views\pages\crud.php(42): CodeIgniter\Debug\Exceptions->errorHandler(2, 'Undefined array...', 'C:\\xampp\\htdocs...', 42)
#1 C:\xampp\htdocs\simpleCrud_improvise\system\View\View.php(210): include('C:\\xampp\\htdocs...')
#2 C:\xampp\htdocs\simpleCrud_improvise\system\View\View.php(213): CodeIgniter\View\View->CodeIgniter\View\{closure}()
#3 C:\xampp\htdocs\simpleCrud_improvise\system\Common.php(1089): CodeIgniter\View\View->render('pages/crud', Array, true)
#4 C:\xampp\htdocs\simpleCrud_improvise\app\Controllers\Pages.php(31): view('pages/crud', Array)
#5 C:\xampp\htdocs\simpleCrud_improvise\system\CodeIgniter.php(825): App\Controllers\Pages->crud()
#6 C:\xampp\htdocs\simpleCrud_improvise\system\CodeIgniter.php(412): CodeIgniter\CodeIgniter->runController(Object(App\Controllers\Pages))
#7 C:\xampp\htdocs\simpleCrud_improvise\system\CodeIgniter.php(320): CodeIgniter\CodeIgniter->handleRequest(NULL, Object(Config\Cache), false)
#8 C:\xampp\htdocs\simpleCrud_improvise\public\index.php(37): CodeIgniter\CodeIgniter->run()
#9 C:\xampp\htdocs\simpleCrud_improvise\system\Commands\Server\rewrite.php(43): require_once('C:\\xampp\\htdocs...')
#10 {main}
CRITICAL - 2022-06-14 05:03:18 --> Undefined array key "post"
#0 C:\xampp\htdocs\simpleCrud_improvise\app\Views\pages\crud.php(42): CodeIgniter\Debug\Exceptions->errorHandler(2, 'Undefined array...', 'C:\\xampp\\htdocs...', 42)
#1 C:\xampp\htdocs\simpleCrud_improvise\system\View\View.php(210): include('C:\\xampp\\htdocs...')
#2 C:\xampp\htdocs\simpleCrud_improvise\system\View\View.php(213): CodeIgniter\View\View->CodeIgniter\View\{closure}()
#3 C:\xampp\htdocs\simpleCrud_improvise\system\Common.php(1089): CodeIgniter\View\View->render('pages/crud', Array, true)
#4 C:\xampp\htdocs\simpleCrud_improvise\app\Controllers\Pages.php(31): view('pages/crud', Array)
#5 C:\xampp\htdocs\simpleCrud_improvise\system\CodeIgniter.php(825): App\Controllers\Pages->crud()
#6 C:\xampp\htdocs\simpleCrud_improvise\system\CodeIgniter.php(412): CodeIgniter\CodeIgniter->runController(Object(App\Controllers\Pages))
#7 C:\xampp\htdocs\simpleCrud_improvise\system\CodeIgniter.php(320): CodeIgniter\CodeIgniter->handleRequest(NULL, Object(Config\Cache), false)
#8 C:\xampp\htdocs\simpleCrud_improvise\public\index.php(37): CodeIgniter\CodeIgniter->run()
#9 C:\xampp\htdocs\simpleCrud_improvise\system\Commands\Server\rewrite.php(43): require_once('C:\\xampp\\htdocs...')
#10 {main}
ERROR - 2022-06-14 05:10:18 --> Column 'textpos' cannot be null
CRITICAL - 2022-06-14 05:10:18 --> Column 'textpos' cannot be null
#0 C:\xampp\htdocs\simpleCrud_improvise\system\Database\MySQLi\Connection.php(292): mysqli->query('INSERT INTO `po...', 0)
#1 C:\xampp\htdocs\simpleCrud_improvise\system\Database\BaseConnection.php(670): CodeIgniter\Database\MySQLi\Connection->execute('INSERT INTO `po...')
#2 C:\xampp\htdocs\simpleCrud_improvise\system\Database\BaseConnection.php(598): CodeIgniter\Database\BaseConnection->simpleQuery('INSERT INTO `po...')
#3 C:\xampp\htdocs\simpleCrud_improvise\system\Database\BaseBuilder.php(1771): CodeIgniter\Database\BaseConnection->query('INSERT INTO `po...', Array, false)
#4 C:\xampp\htdocs\simpleCrud_improvise\system\Model.php(239): CodeIgniter\Database\BaseBuilder->insert()
#5 C:\xampp\htdocs\simpleCrud_improvise\system\BaseModel.php(738): CodeIgniter\Model->doInsert(Array)
#6 C:\xampp\htdocs\simpleCrud_improvise\system\Model.php(625): CodeIgniter\BaseModel->insert(Array, false)
#7 C:\xampp\htdocs\simpleCrud_improvise\system\BaseModel.php(658): CodeIgniter\Model->insert(Array, false)
#8 C:\xampp\htdocs\simpleCrud_improvise\app\Controllers\Pages.php(49): CodeIgniter\BaseModel->save(Array)
#9 C:\xampp\htdocs\simpleCrud_improvise\system\CodeIgniter.php(825): App\Controllers\Pages->save()
#10 C:\xampp\htdocs\simpleCrud_improvise\system\CodeIgniter.php(412): CodeIgniter\CodeIgniter->runController(Object(App\Controllers\Pages))
#11 C:\xampp\htdocs\simpleCrud_improvise\system\CodeIgniter.php(320): CodeIgniter\CodeIgniter->handleRequest(NULL, Object(Config\Cache), false)
#12 C:\xampp\htdocs\simpleCrud_improvise\public\index.php(37): CodeIgniter\CodeIgniter->run()
#13 C:\xampp\htdocs\simpleCrud_improvise\system\Commands\Server\rewrite.php(43): require_once('C:\\xampp\\htdocs...')
#14 {main}
ERROR - 2022-06-14 05:10:27 --> Column 'textpos' cannot be null
CRITICAL - 2022-06-14 05:10:27 --> Column 'textpos' cannot be null
#0 C:\xampp\htdocs\simpleCrud_improvise\system\Database\MySQLi\Connection.php(292): mysqli->query('INSERT INTO `po...', 0)
#1 C:\xampp\htdocs\simpleCrud_improvise\system\Database\BaseConnection.php(670): CodeIgniter\Database\MySQLi\Connection->execute('INSERT INTO `po...')
#2 C:\xampp\htdocs\simpleCrud_improvise\system\Database\BaseConnection.php(598): CodeIgniter\Database\BaseConnection->simpleQuery('INSERT INTO `po...')
#3 C:\xampp\htdocs\simpleCrud_improvise\system\Database\BaseBuilder.php(1771): CodeIgniter\Database\BaseConnection->query('INSERT INTO `po...', Array, false)
#4 C:\xampp\htdocs\simpleCrud_improvise\system\Model.php(239): CodeIgniter\Database\BaseBuilder->insert()
#5 C:\xampp\htdocs\simpleCrud_improvise\system\BaseModel.php(738): CodeIgniter\Model->doInsert(Array)
#6 C:\xampp\htdocs\simpleCrud_improvise\system\Model.php(625): CodeIgniter\BaseModel->insert(Array, false)
#7 C:\xampp\htdocs\simpleCrud_improvise\system\BaseModel.php(658): CodeIgniter\Model->insert(Array, false)
#8 C:\xampp\htdocs\simpleCrud_improvise\app\Controllers\Pages.php(49): CodeIgniter\BaseModel->save(Array)
#9 C:\xampp\htdocs\simpleCrud_improvise\system\CodeIgniter.php(825): App\Controllers\Pages->save()
#10 C:\xampp\htdocs\simpleCrud_improvise\system\CodeIgniter.php(412): CodeIgniter\CodeIgniter->runController(Object(App\Controllers\Pages))
#11 C:\xampp\htdocs\simpleCrud_improvise\system\CodeIgniter.php(320): CodeIgniter\CodeIgniter->handleRequest(NULL, Object(Config\Cache), false)
#12 C:\xampp\htdocs\simpleCrud_improvise\public\index.php(37): CodeIgniter\CodeIgniter->run()
#13 C:\xampp\htdocs\simpleCrud_improvise\system\Commands\Server\rewrite.php(43): require_once('C:\\xampp\\htdocs...')
#14 {main}
ERROR - 2022-06-14 05:10:27 --> Column 'textpos' cannot be null
CRITICAL - 2022-06-14 05:10:27 --> Column 'textpos' cannot be null
#0 C:\xampp\htdocs\simpleCrud_improvise\system\Database\MySQLi\Connection.php(292): mysqli->query('INSERT INTO `po...', 0)
#1 C:\xampp\htdocs\simpleCrud_improvise\system\Database\BaseConnection.php(670): CodeIgniter\Database\MySQLi\Connection->execute('INSERT INTO `po...')
#2 C:\xampp\htdocs\simpleCrud_improvise\system\Database\BaseConnection.php(598): CodeIgniter\Database\BaseConnection->simpleQuery('INSERT INTO `po...')
#3 C:\xampp\htdocs\simpleCrud_improvise\system\Database\BaseBuilder.php(1771): CodeIgniter\Database\BaseConnection->query('INSERT INTO `po...', Array, false)
#4 C:\xampp\htdocs\simpleCrud_improvise\system\Model.php(239): CodeIgniter\Database\BaseBuilder->insert()
#5 C:\xampp\htdocs\simpleCrud_improvise\system\BaseModel.php(738): CodeIgniter\Model->doInsert(Array)
#6 C:\xampp\htdocs\simpleCrud_improvise\system\Model.php(625): CodeIgniter\BaseModel->insert(Array, false)
#7 C:\xampp\htdocs\simpleCrud_improvise\system\BaseModel.php(658): CodeIgniter\Model->insert(Array, false)
#8 C:\xampp\htdocs\simpleCrud_improvise\app\Controllers\Pages.php(49): CodeIgniter\BaseModel->save(Array)
#9 C:\xampp\htdocs\simpleCrud_improvise\system\CodeIgniter.php(825): App\Controllers\Pages->save()
#10 C:\xampp\htdocs\simpleCrud_improvise\system\CodeIgniter.php(412): CodeIgniter\CodeIgniter->runController(Object(App\Controllers\Pages))
#11 C:\xampp\htdocs\simpleCrud_improvise\system\CodeIgniter.php(320): CodeIgniter\CodeIgniter->handleRequest(NULL, Object(Config\Cache), false)
#12 C:\xampp\htdocs\simpleCrud_improvise\public\index.php(37): CodeIgniter\CodeIgniter->run()
#13 C:\xampp\htdocs\simpleCrud_improvise\system\Commands\Server\rewrite.php(43): require_once('C:\\xampp\\htdocs...')
#14 {main}
ERROR - 2022-06-14 05:10:34 --> Column 'textpos' cannot be null
CRITICAL - 2022-06-14 05:10:34 --> Column 'textpos' cannot be null
#0 C:\xampp\htdocs\simpleCrud_improvise\system\Database\MySQLi\Connection.php(292): mysqli->query('INSERT INTO `po...', 0)
#1 C:\xampp\htdocs\simpleCrud_improvise\system\Database\BaseConnection.php(670): CodeIgniter\Database\MySQLi\Connection->execute('INSERT INTO `po...')
#2 C:\xampp\htdocs\simpleCrud_improvise\system\Database\BaseConnection.php(598): CodeIgniter\Database\BaseConnection->simpleQuery('INSERT INTO `po...')
#3 C:\xampp\htdocs\simpleCrud_improvise\system\Database\BaseBuilder.php(1771): CodeIgniter\Database\BaseConnection->query('INSERT INTO `po...', Array, false)
#4 C:\xampp\htdocs\simpleCrud_improvise\system\Model.php(239): CodeIgniter\Database\BaseBuilder->insert()
#5 C:\xampp\htdocs\simpleCrud_improvise\system\BaseModel.php(738): CodeIgniter\Model->doInsert(Array)
#6 C:\xampp\htdocs\simpleCrud_improvise\system\Model.php(625): CodeIgniter\BaseModel->insert(Array, false)
#7 C:\xampp\htdocs\simpleCrud_improvise\system\BaseModel.php(658): CodeIgniter\Model->insert(Array, false)
#8 C:\xampp\htdocs\simpleCrud_improvise\app\Controllers\Pages.php(49): CodeIgniter\BaseModel->save(Array)
#9 C:\xampp\htdocs\simpleCrud_improvise\system\CodeIgniter.php(825): App\Controllers\Pages->save()
#10 C:\xampp\htdocs\simpleCrud_improvise\system\CodeIgniter.php(412): CodeIgniter\CodeIgniter->runController(Object(App\Controllers\Pages))
#11 C:\xampp\htdocs\simpleCrud_improvise\system\CodeIgniter.php(320): CodeIgniter\CodeIgniter->handleRequest(NULL, Object(Config\Cache), false)
#12 C:\xampp\htdocs\simpleCrud_improvise\public\index.php(37): CodeIgniter\CodeIgniter->run()
#13 C:\xampp\htdocs\simpleCrud_improvise\system\Commands\Server\rewrite.php(43): require_once('C:\\xampp\\htdocs...')
#14 {main}
ERROR - 2022-06-14 05:14:22 --> Column 'textpos' cannot be null
CRITICAL - 2022-06-14 05:14:22 --> Column 'textpos' cannot be null
#0 C:\xampp\htdocs\simpleCrud_improvise\system\Database\MySQLi\Connection.php(292): mysqli->query('INSERT INTO `po...', 0)
#1 C:\xampp\htdocs\simpleCrud_improvise\system\Database\BaseConnection.php(670): CodeIgniter\Database\MySQLi\Connection->execute('INSERT INTO `po...')
#2 C:\xampp\htdocs\simpleCrud_improvise\system\Database\BaseConnection.php(598): CodeIgniter\Database\BaseConnection->simpleQuery('INSERT INTO `po...')
#3 C:\xampp\htdocs\simpleCrud_improvise\system\Database\BaseBuilder.php(1771): CodeIgniter\Database\BaseConnection->query('INSERT INTO `po...', Array, false)
#4 C:\xampp\htdocs\simpleCrud_improvise\system\Model.php(239): CodeIgniter\Database\BaseBuilder->insert()
#5 C:\xampp\htdocs\simpleCrud_improvise\system\BaseModel.php(738): CodeIgniter\Model->doInsert(Array)
#6 C:\xampp\htdocs\simpleCrud_improvise\system\Model.php(625): CodeIgniter\BaseModel->insert(Array, false)
#7 C:\xampp\htdocs\simpleCrud_improvise\system\BaseModel.php(658): CodeIgniter\Model->insert(Array, false)
#8 C:\xampp\htdocs\simpleCrud_improvise\app\Controllers\Pages.php(49): CodeIgniter\BaseModel->save(Array)
#9 C:\xampp\htdocs\simpleCrud_improvise\system\CodeIgniter.php(825): App\Controllers\Pages->save()
#10 C:\xampp\htdocs\simpleCrud_improvise\system\CodeIgniter.php(412): CodeIgniter\CodeIgniter->runController(Object(App\Controllers\Pages))
#11 C:\xampp\htdocs\simpleCrud_improvise\system\CodeIgniter.php(320): CodeIgniter\CodeIgniter->handleRequest(NULL, Object(Config\Cache), false)
#12 C:\xampp\htdocs\simpleCrud_improvise\public\index.php(37): CodeIgniter\CodeIgniter->run()
#13 C:\xampp\htdocs\simpleCrud_improvise\system\Commands\Server\rewrite.php(43): require_once('C:\\xampp\\htdocs...')
#14 {main}
CRITICAL - 2022-06-14 22:34:23 --> Undefined array key "textpost"
#0 C:\xampp\htdocs\uasDPW\app\Views\pages\edit.php(19): CodeIgniter\Debug\Exceptions->errorHandler(2, 'Undefined array...', 'C:\\xampp\\htdocs...', 19)
#1 C:\xampp\htdocs\uasDPW\system\View\View.php(210): include('C:\\xampp\\htdocs...')
#2 C:\xampp\htdocs\uasDPW\system\View\View.php(213): CodeIgniter\View\View->CodeIgniter\View\{closure}()
#3 C:\xampp\htdocs\uasDPW\system\Common.php(1089): CodeIgniter\View\View->render('pages/edit', Array, true)
#4 C:\xampp\htdocs\uasDPW\app\Controllers\Pages.php(66): view('pages/edit', Array)
#5 C:\xampp\htdocs\uasDPW\system\CodeIgniter.php(825): App\Controllers\Pages->edit('1')
#6 C:\xampp\htdocs\uasDPW\system\CodeIgniter.php(412): CodeIgniter\CodeIgniter->runController(Object(App\Controllers\Pages))
#7 C:\xampp\htdocs\uasDPW\system\CodeIgniter.php(320): CodeIgniter\CodeIgniter->handleRequest(NULL, Object(Config\Cache), false)
#8 C:\xampp\htdocs\uasDPW\public\index.php(37): CodeIgniter\CodeIgniter->run()
#9 C:\xampp\htdocs\uasDPW\system\Commands\Server\rewrite.php(43): require_once('C:\\xampp\\htdocs...')
#10 {main}
CRITICAL - 2022-06-14 22:35:41 --> Undefined array key "textpost"
#0 C:\xampp\htdocs\uasDPW\app\Views\pages\edit.php(19): CodeIgniter\Debug\Exceptions->errorHandler(2, 'Undefined array...', 'C:\\xampp\\htdocs...', 19)
#1 C:\xampp\htdocs\uasDPW\system\View\View.php(210): include('C:\\xampp\\htdocs...')
#2 C:\xampp\htdocs\uasDPW\system\View\View.php(213): CodeIgniter\View\View->CodeIgniter\View\{closure}()
#3 C:\xampp\htdocs\uasDPW\system\Common.php(1089): CodeIgniter\View\View->render('pages/edit', Array, true)
#4 C:\xampp\htdocs\uasDPW\app\Controllers\Pages.php(66): view('pages/edit', Array)
#5 C:\xampp\htdocs\uasDPW\system\CodeIgniter.php(825): App\Controllers\Pages->edit('1')
#6 C:\xampp\htdocs\uasDPW\system\CodeIgniter.php(412): CodeIgniter\CodeIgniter->runController(Object(App\Controllers\Pages))
#7 C:\xampp\htdocs\uasDPW\system\CodeIgniter.php(320): CodeIgniter\CodeIgniter->handleRequest(NULL, Object(Config\Cache), false)
#8 C:\xampp\htdocs\uasDPW\public\index.php(37): CodeIgniter\CodeIgniter->run()
#9 C:\xampp\htdocs\uasDPW\system\Commands\Server\rewrite.php(43): require_once('C:\\xampp\\htdocs...')
#10 {main}
CRITICAL - 2022-06-14 22:35:42 --> Undefined array key "textpost"
#0 C:\xampp\htdocs\uasDPW\app\Views\pages\edit.php(19): CodeIgniter\Debug\Exceptions->errorHandler(2, 'Undefined array...', 'C:\\xampp\\htdocs...', 19)
#1 C:\xampp\htdocs\uasDPW\system\View\View.php(210): include('C:\\xampp\\htdocs...')
#2 C:\xampp\htdocs\uasDPW\system\View\View.php(213): CodeIgniter\View\View->CodeIgniter\View\{closure}()
#3 C:\xampp\htdocs\uasDPW\system\Common.php(1089): CodeIgniter\View\View->render('pages/edit', Array, true)
#4 C:\xampp\htdocs\uasDPW\app\Controllers\Pages.php(66): view('pages/edit', Array)
#5 C:\xampp\htdocs\uasDPW\system\CodeIgniter.php(825): App\Controllers\Pages->edit('1')
#6 C:\xampp\htdocs\uasDPW\system\CodeIgniter.php(412): CodeIgniter\CodeIgniter->runController(Object(App\Controllers\Pages))
#7 C:\xampp\htdocs\uasDPW\system\CodeIgniter.php(320): CodeIgniter\CodeIgniter->handleRequest(NULL, Object(Config\Cache), false)
#8 C:\xampp\htdocs\uasDPW\public\index.php(37): CodeIgniter\CodeIgniter->run()
#9 C:\xampp\htdocs\uasDPW\system\Commands\Server\rewrite.php(43): require_once('C:\\xampp\\htdocs...')
#10 {main}
